  adding: binaries/ (164 bytes security) (stored 0%)
  adding: binaries/win64/ (164 bytes security) (stored 0%)
  adding: binaries/win64/TrainCrossing_Train.dll (164 bytes security) (deflated 64%)
  adding: binaries/win64/TrainCrossing_Train.lib (164 bytes security) (deflated 93%)
  adding: binaries/win64/TrainCrossing_Train_FMU.libs (164 bytes security) (stored 0%)
  adding: modelDescription.xml (164 bytes security) (deflated 85%)
  adding: resources/ (164 bytes security) (stored 0%)
  adding: resources/static.log (164 bytes security) (deflated 88%)
  adding: resources/TrainCrossing_Train_info.json (164 bytes security) (deflated 79%)
  adding: sources/ (164 bytes security) (stored 0%)
  adding: sources/config.log (164 bytes security) (stored 0%)
  adding: sources/configure.ac (164 bytes security) (deflated 67%)
  adding: sources/dataReconciliation/ (164 bytes security) (stored 0%)
  adding: sources/dataReconciliation/dataReconciliation.h (164 bytes security) (deflated 47%)
  adding: sources/fmi-export/ (164 bytes security) (stored 0%)
  adding: sources/fmi-export/fmu2_model_interface.c.inc (164 bytes security) (deflated 83%)
  adding: sources/fmi-export/fmu2_model_interface.h (164 bytes security) (deflated 55%)
  adding: sources/gc/ (164 bytes security) (stored 0%)
  adding: sources/gc/memory_pool.c (164 bytes security) (deflated 68%)
  adding: sources/gc/memory_pool.h (164 bytes security) (deflated 50%)
  adding: sources/gc/omc_gc.c (164 bytes security) (deflated 54%)
  adding: sources/gc/omc_gc.h (164 bytes security) (deflated 67%)
  adding: sources/include/ (164 bytes security) (stored 0%)
  adding: sources/isfmi2 (164 bytes security) (stored 0%)
  adding: sources/linearization/ (164 bytes security) (stored 0%)
  adding: sources/linearization/linearize.h (164 bytes security) (deflated 47%)
  adding: sources/Makefile (164 bytes security) (deflated 64%)
  adding: sources/Makefile.in (164 bytes security) (deflated 66%)
  adding: sources/math-support/ (164 bytes security) (stored 0%)
  adding: sources/math-support/pivot.c (164 bytes security) (deflated 65%)
  adding: sources/meta/ (164 bytes security) (stored 0%)
  adding: sources/meta/meta_modelica.h (164 bytes security) (deflated 63%)
  adding: sources/meta/meta_modelica_builtin.h (164 bytes security) (deflated 74%)
  adding: sources/meta/meta_modelica_builtin_boxptr.h (164 bytes security) (deflated 77%)
  adding: sources/meta/meta_modelica_builtin_boxvar.h (164 bytes security) (deflated 89%)
  adding: sources/meta/meta_modelica_catch.c (164 bytes security) (deflated 45%)
  adding: sources/meta/meta_modelica_data.h (164 bytes security) (deflated 70%)
  adding: sources/meta/meta_modelica_mk_box.h (164 bytes security) (deflated 96%)
  adding: sources/meta/meta_modelica_segv.h (164 bytes security) (deflated 60%)
  adding: sources/ModelicaUtilities.h (164 bytes security) (deflated 67%)
  adding: sources/omc_inline.h (164 bytes security) (deflated 49%)
  adding: sources/omc_simulation_settings.h (164 bytes security) (deflated 54%)
  adding: sources/openmodelica.h (164 bytes security) (deflated 60%)
  adding: sources/openmodelica_func.h (164 bytes security) (deflated 73%)
  adding: sources/openmodelica_types.h (164 bytes security) (deflated 57%)
  adding: sources/optimization/ (164 bytes security) (stored 0%)
  adding: sources/optimization/OptimizerData.h (164 bytes security) (deflated 64%)
  adding: sources/optimization/OptimizerInterface.h (164 bytes security) (deflated 46%)
  adding: sources/optimization/OptimizerLocalFunction.h (164 bytes security) (deflated 57%)
  adding: sources/simulation/ (164 bytes security) (stored 0%)
  adding: sources/simulation/modelinfo.h (164 bytes security) (deflated 52%)
  adding: sources/simulation/omc_simulation_util.c (164 bytes security) (deflated 49%)
  adding: sources/simulation/omc_simulation_util.h (164 bytes security) (deflated 52%)
  adding: sources/simulation/options.c (164 bytes security) (deflated 71%)
  adding: sources/simulation/options.h (164 bytes security) (deflated 47%)
  adding: sources/simulation/results/ (164 bytes security) (stored 0%)
  adding: sources/simulation/results/simulation_result.h (164 bytes security) (deflated 53%)
  adding: sources/simulation/simulation_info_json.c (164 bytes security) (deflated 72%)
  adding: sources/simulation/simulation_info_json.h (164 bytes security) (deflated 50%)
  adding: sources/simulation/simulation_input_xml.h (164 bytes security) (deflated 48%)
  adding: sources/simulation/simulation_omc_assert.c (164 bytes security) (deflated 72%)
  adding: sources/simulation/simulation_runtime.h (164 bytes security) (deflated 56%)
  adding: sources/simulation/solver/ (164 bytes security) (stored 0%)
  adding: sources/simulation/solver/dae_mode.h (164 bytes security) (deflated 51%)
  adding: sources/simulation/solver/dassl.h (164 bytes security) (deflated 57%)
  adding: sources/simulation/solver/delay.c (164 bytes security) (deflated 68%)
  adding: sources/simulation/solver/delay.h (164 bytes security) (deflated 51%)
  adding: sources/simulation/solver/embedded_server.h (164 bytes security) (deflated 51%)
  adding: sources/simulation/solver/epsilon.h (164 bytes security) (deflated 49%)
  adding: sources/simulation/solver/events.h (164 bytes security) (deflated 50%)
  adding: sources/simulation/solver/external_input.h (164 bytes security) (deflated 46%)
  adding: sources/simulation/solver/fmi_events.c (164 bytes security) (deflated 67%)
  adding: sources/simulation/solver/fmi_events.h (164 bytes security) (deflated 46%)
  adding: sources/simulation/solver/ida_solver.h (164 bytes security) (deflated 58%)
  adding: sources/simulation/solver/initialization/ (164 bytes security) (stored 0%)
  adding: sources/simulation/solver/initialization/initialization.c (164 bytes security) (deflated 77%)
  adding: sources/simulation/solver/initialization/initialization.h (164 bytes security) (deflated 50%)
  adding: sources/simulation/solver/linearSolverLapack.h (164 bytes security) (deflated 47%)
  adding: sources/simulation/solver/linearSolverTotalPivot.h (164 bytes security) (deflated 48%)
  adding: sources/simulation/solver/linearSystem.h (164 bytes security) (deflated 52%)
  adding: sources/simulation/solver/mixedSearchSolver.h (164 bytes security) (deflated 47%)
  adding: sources/simulation/solver/mixedSystem.h (164 bytes security) (deflated 49%)
  adding: sources/simulation/solver/model_help.c (164 bytes security) (deflated 83%)
  adding: sources/simulation/solver/model_help.h (164 bytes security) (deflated 70%)
  adding: sources/simulation/solver/nonlinearSolverHomotopy.h (164 bytes security) (deflated 47%)
  adding: sources/simulation/solver/nonlinearSolverHybrd.h (164 bytes security) (deflated 57%)
  adding: sources/simulation/solver/nonlinearSystem.h (164 bytes security) (deflated 61%)
  adding: sources/simulation/solver/nonlinearValuesList.h (164 bytes security) (deflated 53%)
  adding: sources/simulation/solver/omc_math.c (164 bytes security) (deflated 85%)
  adding: sources/simulation/solver/omc_math.h (164 bytes security) (deflated 71%)
  adding: sources/simulation/solver/perform_qss_simulation.c.inc (164 bytes security) (deflated 72%)
  adding: sources/simulation/solver/perform_simulation.c.inc (164 bytes security) (deflated 72%)
  adding: sources/simulation/solver/real_time_sync.h (164 bytes security) (deflated 47%)
  adding: sources/simulation/solver/solver_main.h (164 bytes security) (deflated 59%)
  adding: sources/simulation/solver/stateset.c (164 bytes security) (deflated 74%)
  adding: sources/simulation/solver/stateset.h (164 bytes security) (deflated 52%)
  adding: sources/simulation/solver/synchronous.c (164 bytes security) (deflated 67%)
  adding: sources/simulation/solver/synchronous.h (164 bytes security) (deflated 51%)
  adding: sources/simulation_data.h (164 bytes security) (deflated 74%)
  adding: sources/TrainCrossing_Train.c (164 bytes security) (deflated 79%)
  adding: sources/TrainCrossing_Train.def (164 bytes security) (deflated 78%)
  adding: sources/TrainCrossing_Train.lib (164 bytes security) (deflated 93%)
  adding: sources/TrainCrossing_Train.makefile (164 bytes security) (deflated 2%)
  adding: sources/TrainCrossing_Train_01exo.c (164 bytes security) (deflated 45%)
  adding: sources/TrainCrossing_Train_02nls.c (164 bytes security) (deflated 39%)
  adding: sources/TrainCrossing_Train_03lsy.c (164 bytes security) (deflated 41%)
  adding: sources/TrainCrossing_Train_04set.c (164 bytes security) (deflated 47%)
  adding: sources/TrainCrossing_Train_05evt.c (164 bytes security) (deflated 63%)
  adding: sources/TrainCrossing_Train_06inz.c (164 bytes security) (deflated 74%)
  adding: sources/TrainCrossing_Train_07dly.c (164 bytes security) (deflated 37%)
  adding: sources/TrainCrossing_Train_08bnd.c (164 bytes security) (deflated 70%)
  adding: sources/TrainCrossing_Train_09alg.c (164 bytes security) (deflated 62%)
  adding: sources/TrainCrossing_Train_10asr.c (164 bytes security) (deflated 36%)
  adding: sources/TrainCrossing_Train_11mix.c (164 bytes security) (deflated 53%)
  adding: sources/TrainCrossing_Train_11mix.h (164 bytes security) (stored 0%)
  adding: sources/TrainCrossing_Train_12jac.c (164 bytes security) (deflated 81%)
  adding: sources/TrainCrossing_Train_12jac.h (164 bytes security) (deflated 85%)
  adding: sources/TrainCrossing_Train_13opt.c (164 bytes security) (deflated 74%)
  adding: sources/TrainCrossing_Train_13opt.h (164 bytes security) (deflated 60%)
  adding: sources/TrainCrossing_Train_14lnz.c (164 bytes security) (deflated 77%)
  adding: sources/TrainCrossing_Train_15syn.c (164 bytes security) (deflated 64%)
  adding: sources/TrainCrossing_Train_16dae.c (164 bytes security) (deflated 32%)
  adding: sources/TrainCrossing_Train_17inl.c (164 bytes security) (deflated 33%)
  adding: sources/TrainCrossing_Train_FMU.c (164 bytes security) (deflated 79%)
  adding: sources/TrainCrossing_Train_FMU.libs (164 bytes security) (stored 0%)
  adding: sources/TrainCrossing_Train_functions.c (164 bytes security) (deflated 44%)
  adding: sources/TrainCrossing_Train_functions.h (164 bytes security) (deflated 55%)
  adding: sources/TrainCrossing_Train_includes.h (164 bytes security) (stored 0%)
  adding: sources/TrainCrossing_Train_init_fmu.c (164 bytes security) (deflated 88%)
  adding: sources/TrainCrossing_Train_literals.h (164 bytes security) (deflated 36%)
  adding: sources/TrainCrossing_Train_model.h (164 bytes security) (deflated 80%)
  adding: sources/TrainCrossing_Train_records.c (164 bytes security) (deflated 38%)
  adding: sources/util/ (164 bytes security) (stored 0%)
  adding: sources/util/base_array.c (164 bytes security) (deflated 77%)
  adding: sources/util/base_array.h (164 bytes security) (deflated 63%)
  adding: sources/util/boolean_array.c (164 bytes security) (deflated 81%)
  adding: sources/util/boolean_array.h (164 bytes security) (deflated 78%)
  adding: sources/util/division.c (164 bytes security) (deflated 64%)
  adding: sources/util/division.h (164 bytes security) (deflated 62%)
  adding: sources/util/generic_array.c (164 bytes security) (deflated 72%)
  adding: sources/util/generic_array.h (164 bytes security) (deflated 70%)
  adding: sources/util/index_spec.c (164 bytes security) (deflated 66%)
  adding: sources/util/index_spec.h (164 bytes security) (deflated 50%)
  adding: sources/util/integer_array.c (164 bytes security) (deflated 83%)
  adding: sources/util/integer_array.h (164 bytes security) (deflated 83%)
  adding: sources/util/jacobian_util.c (164 bytes security) (deflated 51%)
  adding: sources/util/jacobian_util.h (164 bytes security) (deflated 49%)
  adding: sources/util/java_interface.h (164 bytes security) (deflated 62%)
  adding: sources/util/libcsv.c (164 bytes security) (deflated 76%)
  adding: sources/util/libcsv.h (164 bytes security) (deflated 68%)
  adding: sources/util/list.c (164 bytes security) (deflated 74%)
  adding: sources/util/list.h (164 bytes security) (deflated 57%)
  adding: sources/util/modelica.h (164 bytes security) (deflated 53%)
  adding: sources/util/ModelicaUtilities.c (164 bytes security) (deflated 63%)
  adding: sources/util/modelica_string.c (164 bytes security) (deflated 73%)
  adding: sources/util/modelica_string.h (164 bytes security) (deflated 72%)
  adding: sources/util/modelica_string_lit.c (164 bytes security) (deflated 91%)
  adding: sources/util/modelica_string_lit.h (164 bytes security) (deflated 45%)
  adding: sources/util/omc_error.c (164 bytes security) (deflated 78%)
  adding: sources/util/omc_error.h (164 bytes security) (deflated 76%)
  adding: sources/util/omc_file.c (164 bytes security) (deflated 63%)
  adding: sources/util/omc_file.h (164 bytes security) (deflated 65%)
  adding: sources/util/omc_init.c (164 bytes security) (deflated 48%)
  adding: sources/util/omc_init.h (164 bytes security) (deflated 51%)
  adding: sources/util/omc_mmap.c (164 bytes security) (deflated 67%)
  adding: sources/util/omc_mmap.h (164 bytes security) (deflated 66%)
  adding: sources/util/omc_msvc.c (164 bytes security) (deflated 65%)
  adding: sources/util/omc_msvc.h (164 bytes security) (deflated 61%)
  adding: sources/util/omc_spinlock.h (164 bytes security) (deflated 42%)
  adding: sources/util/parallel_helper.c (164 bytes security) (deflated 52%)
  adding: sources/util/parallel_helper.h (164 bytes security) (deflated 47%)
  adding: sources/util/rational.c (164 bytes security) (deflated 66%)
  adding: sources/util/rational.h (164 bytes security) (deflated 54%)
  adding: sources/util/read_csv.c (164 bytes security) (deflated 72%)
  adding: sources/util/read_csv.h (164 bytes security) (deflated 49%)
  adding: sources/util/read_matlab4.c (164 bytes security) (deflated 77%)
  adding: sources/util/read_matlab4.h (164 bytes security) (deflated 58%)
  adding: sources/util/read_write.h (164 bytes security) (deflated 70%)
  adding: sources/util/real_array.c (164 bytes security) (deflated 83%)
  adding: sources/util/real_array.h (164 bytes security) (deflated 81%)
  adding: sources/util/ringbuffer.c (164 bytes security) (deflated 67%)
  adding: sources/util/ringbuffer.h (164 bytes security) (deflated 50%)
  adding: sources/util/rtclock.h (164 bytes security) (deflated 65%)
  adding: sources/util/simulation_options.c (164 bytes security) (deflated 80%)
  adding: sources/util/simulation_options.h (164 bytes security) (deflated 68%)
  adding: sources/util/string_array.c (164 bytes security) (deflated 80%)
  adding: sources/util/string_array.h (164 bytes security) (deflated 79%)
  adding: sources/util/uthash.h (164 bytes security) (deflated 81%)
  adding: sources/util/utility.c (164 bytes security) (deflated 67%)
  adding: sources/util/utility.h (164 bytes security) (deflated 66%)
  adding: sources/util/varinfo.c (164 bytes security) (deflated 55%)
  adding: sources/util/varinfo.h (164 bytes security) (deflated 47%)
  adding: TrainCrossing_Train.log (164 bytes security)